[01-Apr-2026 17:19:55 UTC] Dingg: retrying with SSL verification disabled (dingg.ssl_insecure_retry). errno=60 SSL certificate OpenSSL verify result: unable to get local issuer certificate (20)
[01-Apr-2026 17:19:55 UTC] Dingg: PHP openssl extension is not enabled; pos token stored in session without AES (enable ext-openssl).
[01-Apr-2026 17:19:55 UTC] Dingg: retrying with SSL verification disabled (dingg.ssl_insecure_retry). errno=60 SSL certificate OpenSSL verify result: unable to get local issuer certificate (20)
[01-Apr-2026 17:19:55 UTC] Dingg invoice search (vendor/bills) term=V/2025-26/3199 HTTP=200 url=https://api.dingg.app/api/v1/vendor/bills?web=true&page=1&limit=1000&start=2026-04-01&end=2026-04-01&term=V%2F2025-26%2F3199&is_product_only=
[01-Apr-2026 17:19:55 UTC] Dingg invoice search (vendor/bills) response body: {"message":"success","data":[],"success":true,"code":200}
[01-Apr-2026 17:27:01 UTC] Dingg: retrying with SSL verification disabled (dingg.ssl_insecure_retry). errno=60 SSL certificate OpenSSL verify result: unable to get local issuer certificate (20)
[01-Apr-2026 17:27:01 UTC] Dingg: PHP openssl extension is not enabled; pos token stored in session without AES (enable ext-openssl).
[01-Apr-2026 17:27:02 UTC] Dingg: retrying with SSL verification disabled (dingg.ssl_insecure_retry). errno=60 SSL certificate OpenSSL verify result: unable to get local issuer certificate (20)
[01-Apr-2026 17:27:02 UTC] Dingg invoice search (vendor/bills) term=V/2025-26/1741 HTTP=200 url=https://api.dingg.app/api/v1/vendor/bills?web=true&page=1&limit=1000&start=2026-04-01&end=2026-04-01&term=V%2F2025-26%2F1741&is_product_only=
[01-Apr-2026 17:27:02 UTC] Dingg invoice search (vendor/bills) response body: {"message":"success","data":[{"id":25145733,"invoice_uuid":"931d5591-c4b1-4927-a7e8-97267f8b91c4","selected_date":"2026-03-31","bill_number":"V/2025-26/1741","total":2000,"paid":2000,"payment_status":"is_paid","status":true,"cancel_reason":null,"net":1904.76,"tax":95.24,"roundoff":0,"user":{"id":9728035,"customer_uuid":"c970a196-80d5-41a7-a86a-ed138f55be79","fname":"Rakesh","lname":"","display_name":null,"mobile":"919892141084","parent_id":null,"user_histories":[{"fname":"Rakesh","lname":"","mobile":"919892141084","parent_id":null}]},"bill_payments":[{"id":26574458,"bill_id":25145733,"payment_date":"2026-03-31","payment_mode":8,"amount":2000,"redemption":false,"note":"","vendor_location_id":3781,"is_tip":false,"change_amount":null,"is_ad_charge":false,"is_fee":false,"createdAt":"2026-03-31T17:44:38.556Z","updatedAt":"2026-03-31T17:44:38.556Z"}],"bill_refunds":[]}],"success":true,"code":200}
[01-Apr-2026 17:32:09 UTC] Dingg: retrying with SSL verification disabled (dingg.ssl_insecure_retry). errno=60 SSL certificate OpenSSL verify result: unable to get local issuer certificate (20)
[01-Apr-2026 17:32:10 UTC] Dingg: PHP openssl extension is not enabled; pos token stored in session without AES (enable ext-openssl).
[01-Apr-2026 17:32:10 UTC] Dingg: retrying with SSL verification disabled (dingg.ssl_insecure_retry). errno=60 SSL certificate OpenSSL verify result: unable to get local issuer certificate (20)
[01-Apr-2026 17:32:10 UTC] Dingg invoice search (vendor/bills) term=V/2025-26/3199 HTTP=200 url=https://api.dingg.app/api/v1/vendor/bills?web=true&page=1&limit=1000&start=2026-04-01&end=2026-04-01&term=V%2F2025-26%2F3199&is_product_only=
[01-Apr-2026 17:32:10 UTC] Dingg invoice search (vendor/bills) response body: {"message":"success","data":[{"id":24557118,"invoice_uuid":"2ea43260-eab7-4709-93a0-bd4a25dac052","selected_date":"2026-03-10","bill_number":"V/2025-26/3199","total":3000,"paid":3000,"payment_status":"is_paid","status":true,"cancel_reason":null,"net":2857.14,"tax":142.86,"roundoff":0,"user":{"id":9560412,"customer_uuid":"0f2ce1e8-43cc-462c-9b83-1f2cf70bd0f3","fname":"ROHIT","lname":"","display_name":null,"mobile":"918448519756","parent_id":null,"user_histories":[{"fname":"ROHIT","lname":"","mobile":"918448519756","parent_id":null}]},"bill_payments":[{"id":25941946,"bill_id":24557118,"payment_date":"2026-03-10","payment_mode":8,"amount":3000,"redemption":false,"note":"","vendor_location_id":2935,"is_tip":false,"change_amount":null,"is_ad_charge":false,"is_fee":false,"createdAt":"2026-03-10T15:05:34.536Z","updatedAt":"2026-03-10T15:05:34.536Z"}],"bill_refunds":[]}],"success":true,"code":200}
[01-Apr-2026 17:32:23 UTC] Dingg: retrying with SSL verification disabled (dingg.ssl_insecure_retry). errno=60 SSL certificate OpenSSL verify result: unable to get local issuer certificate (20)
[01-Apr-2026 17:32:23 UTC] Dingg: PHP openssl extension is not enabled; pos token stored in session without AES (enable ext-openssl).
[01-Apr-2026 17:32:23 UTC] Dingg: retrying with SSL verification disabled (dingg.ssl_insecure_retry). errno=60 SSL certificate OpenSSL verify result: unable to get local issuer certificate (20)
[01-Apr-2026 17:32:23 UTC] Dingg invoice search (vendor/bills) term=V/2025-26/3199 HTTP=200 url=https://api.dingg.app/api/v1/vendor/bills?web=true&page=1&limit=1000&start=2026-04-01&end=2026-04-01&term=V%2F2025-26%2F3199&is_product_only=
[01-Apr-2026 17:32:23 UTC] Dingg invoice search (vendor/bills) response body: {"message":"success","data":[{"id":24557118,"invoice_uuid":"2ea43260-eab7-4709-93a0-bd4a25dac052","selected_date":"2026-03-10","bill_number":"V/2025-26/3199","total":3000,"paid":3000,"payment_status":"is_paid","status":true,"cancel_reason":null,"net":2857.14,"tax":142.86,"roundoff":0,"user":{"id":9560412,"customer_uuid":"0f2ce1e8-43cc-462c-9b83-1f2cf70bd0f3","fname":"ROHIT","lname":"","display_name":null,"mobile":"918448519756","parent_id":null,"user_histories":[{"fname":"ROHIT","lname":"","mobile":"918448519756","parent_id":null}]},"bill_payments":[{"id":25941946,"bill_id":24557118,"payment_date":"2026-03-10","payment_mode":8,"amount":3000,"redemption":false,"note":"","vendor_location_id":2935,"is_tip":false,"change_amount":null,"is_ad_charge":false,"is_fee":false,"createdAt":"2026-03-10T15:05:34.536Z","updatedAt":"2026-03-10T15:05:34.536Z"}],"bill_refunds":[]}],"success":true,"code":200}
[01-Apr-2026 17:32:34 UTC] Dingg: retrying with SSL verification disabled (dingg.ssl_insecure_retry). errno=60 SSL certificate OpenSSL verify result: unable to get local issuer certificate (20)
[01-Apr-2026 17:32:34 UTC] Dingg: PHP openssl extension is not enabled; pos token stored in session without AES (enable ext-openssl).
[01-Apr-2026 17:32:34 UTC] Dingg: retrying with SSL verification disabled (dingg.ssl_insecure_retry). errno=60 SSL certificate OpenSSL verify result: unable to get local issuer certificate (20)
[01-Apr-2026 17:32:34 UTC] Dingg invoice search (vendor/bills) term=V/2025-26/1741 HTTP=200 url=https://api.dingg.app/api/v1/vendor/bills?web=true&page=1&limit=1000&start=2026-04-01&end=2026-04-01&term=V%2F2025-26%2F1741&is_product_only=
[01-Apr-2026 17:32:34 UTC] Dingg invoice search (vendor/bills) response body: {"message":"success","data":[{"id":20225996,"invoice_uuid":"162c0e11-7cd2-4293-a2f0-46a021feaa37","selected_date":"2025-10-09","bill_number":"V/2025-26/1741","total":4000,"paid":4000,"payment_status":"is_paid","status":true,"cancel_reason":null,"net":3809.52,"tax":190.48,"roundoff":0,"user":{"id":8400045,"customer_uuid":"a507d6aa-aa49-4d5a-81d6-262c3ebe6ece","fname":"VARDAN","lname":"KABRA","display_name":null,"mobile":"919904460088","parent_id":null,"user_histories":[{"fname":"VARDAN","lname":"KABRA","mobile":"919904460088","parent_id":null}]},"bill_payments":[{"id":21319366,"bill_id":20225996,"payment_date":"2025-10-09","payment_mode":1,"amount":4000,"redemption":false,"note":"","vendor_location_id":2935,"is_tip":false,"change_amount":null,"is_ad_charge":false,"is_fee":false,"createdAt":"2025-10-09T10:35:56.924Z","updatedAt":"2025-10-09T10:35:56.924Z"}],"bill_refunds":[]}],"success":true,"code":200}
[01-Apr-2026 17:40:16 UTC] Dingg: retrying with SSL verification disabled (dingg.ssl_insecure_retry). errno=60 SSL certificate OpenSSL verify result: unable to get local issuer certificate (20)
[01-Apr-2026 17:40:16 UTC] Dingg: PHP openssl extension is not enabled; pos token stored in session without AES (enable ext-openssl).
[01-Apr-2026 17:40:16 UTC] Dingg: retrying with SSL verification disabled (dingg.ssl_insecure_retry). errno=60 SSL certificate OpenSSL verify result: unable to get local issuer certificate (20)
[01-Apr-2026 17:40:16 UTC] Dingg invoice search (vendor/bills) term=V/2025-26/1741 HTTP=200 url=https://api.dingg.app/api/v1/vendor/bills?web=true&page=1&limit=1000&start=2026-04-01&end=2026-04-01&term=V%2F2025-26%2F1741&is_product_only=
[01-Apr-2026 17:40:16 UTC] Dingg invoice search (vendor/bills) response body: {"message":"success","data":[{"id":20225996,"invoice_uuid":"162c0e11-7cd2-4293-a2f0-46a021feaa37","selected_date":"2025-10-09","bill_number":"V/2025-26/1741","total":4000,"paid":4000,"payment_status":"is_paid","status":true,"cancel_reason":null,"net":3809.52,"tax":190.48,"roundoff":0,"user":{"id":8400045,"customer_uuid":"a507d6aa-aa49-4d5a-81d6-262c3ebe6ece","fname":"VARDAN","lname":"KABRA","display_name":null,"mobile":"919904460088","parent_id":null,"user_histories":[{"fname":"VARDAN","lname":"KABRA","mobile":"919904460088","parent_id":null}]},"bill_payments":[{"id":21319366,"bill_id":20225996,"payment_date":"2025-10-09","payment_mode":1,"amount":4000,"redemption":false,"note":"","vendor_location_id":2935,"is_tip":false,"change_amount":null,"is_ad_charge":false,"is_fee":false,"createdAt":"2025-10-09T10:35:56.924Z","updatedAt":"2025-10-09T10:35:56.924Z"}],"bill_refunds":[]}],"success":true,"code":200}
[01-Apr-2026 17:40:16 UTC] Dingg: retrying with SSL verification disabled (dingg.ssl_insecure_retry). errno=60 SSL certificate OpenSSL verify result: unable to get local issuer certificate (20)
[01-Apr-2026 17:40:16 UTC] Dingg: PHP openssl extension is not enabled; pos token stored in session without AES (enable ext-openssl).
[01-Apr-2026 17:40:16 UTC] Dingg: retrying with SSL verification disabled (dingg.ssl_insecure_retry). errno=60 SSL certificate OpenSSL verify result: unable to get local issuer certificate (20)
[01-Apr-2026 17:40:27 UTC] Dingg: retrying with SSL verification disabled (dingg.ssl_insecure_retry). errno=60 SSL certificate OpenSSL verify result: unable to get local issuer certificate (20)
[01-Apr-2026 17:40:27 UTC] Dingg: PHP openssl extension is not enabled; pos token stored in session without AES (enable ext-openssl).
[01-Apr-2026 17:40:27 UTC] Dingg: retrying with SSL verification disabled (dingg.ssl_insecure_retry). errno=60 SSL certificate OpenSSL verify result: unable to get local issuer certificate (20)
[01-Apr-2026 17:40:28 UTC] Dingg invoice search (vendor/bills) term=V/2025-26/3199 HTTP=200 url=https://api.dingg.app/api/v1/vendor/bills?web=true&page=1&limit=1000&start=2026-04-01&end=2026-04-01&term=V%2F2025-26%2F3199&is_product_only=
[01-Apr-2026 17:40:28 UTC] Dingg invoice search (vendor/bills) response body: {"message":"success","data":[{"id":24557118,"invoice_uuid":"2ea43260-eab7-4709-93a0-bd4a25dac052","selected_date":"2026-03-10","bill_number":"V/2025-26/3199","total":3000,"paid":3000,"payment_status":"is_paid","status":true,"cancel_reason":null,"net":2857.14,"tax":142.86,"roundoff":0,"user":{"id":9560412,"customer_uuid":"0f2ce1e8-43cc-462c-9b83-1f2cf70bd0f3","fname":"ROHIT","lname":"","display_name":null,"mobile":"918448519756","parent_id":null,"user_histories":[{"fname":"ROHIT","lname":"","mobile":"918448519756","parent_id":null}]},"bill_payments":[{"id":25941946,"bill_id":24557118,"payment_date":"2026-03-10","payment_mode":8,"amount":3000,"redemption":false,"note":"","vendor_location_id":2935,"is_tip":false,"change_amount":null,"is_ad_charge":false,"is_fee":false,"createdAt":"2026-03-10T15:05:34.536Z","updatedAt":"2026-03-10T15:05:34.536Z"}],"bill_refunds":[]}],"success":true,"code":200}
[01-Apr-2026 17:40:47 UTC] Dingg: retrying with SSL verification disabled (dingg.ssl_insecure_retry). errno=60 SSL certificate OpenSSL verify result: unable to get local issuer certificate (20)
[01-Apr-2026 17:40:47 UTC] Dingg: PHP openssl extension is not enabled; pos token stored in session without AES (enable ext-openssl).
[01-Apr-2026 17:40:47 UTC] Dingg: retrying with SSL verification disabled (dingg.ssl_insecure_retry). errno=60 SSL certificate OpenSSL verify result: unable to get local issuer certificate (20)
[01-Apr-2026 17:40:47 UTC] Dingg invoice search (vendor/bills) term=V/2026-27/0005 HTTP=200 url=https://api.dingg.app/api/v1/vendor/bills?web=true&page=1&limit=1000&start=2026-04-01&end=2026-04-01&term=V%2F2026-27%2F0005&is_product_only=
[01-Apr-2026 17:40:47 UTC] Dingg invoice search (vendor/bills) response body: {"message":"success","data":[{"id":25170606,"invoice_uuid":"f8818710-15fb-48f7-944f-8b6a302180e8","selected_date":"2026-04-01","bill_number":"V/2026-27/0005","total":1666.8,"paid":1666.8,"payment_status":"is_paid","status":true,"cancel_reason":null,"net":1666.8,"tax":0,"roundoff":0,"user":{"id":9709151,"customer_uuid":"d97ccd44-a645-40a8-acb0-e3028c411682","fname":"Sunny","lname":"","display_name":null,"mobile":"9175065611111","parent_id":null,"user_histories":[{"fname":"Sunny","lname":"","mobile":"9175065611111","parent_id":null}]},"bill_payments":[{"id":26601277,"bill_id":25170606,"payment_date":"2026-04-01","payment_mode":22,"amount":1666.8,"redemption":true,"note":"Western 6Hrs","vendor_location_id":4185,"is_tip":false,"change_amount":null,"is_ad_charge":false,"is_fee":false,"createdAt":"2026-04-01T16:46:05.895Z","updatedAt":"2026-04-01T16:46:05.895Z"}],"bill_refunds":[]}],"success":true,"code":200}
[01-Apr-2026 17:50:17 UTC] Dingg: retrying with SSL verification disabled (dingg.ssl_insecure_retry). errno=60 SSL certificate OpenSSL verify result: unable to get local issuer certificate (20)
[01-Apr-2026 17:50:18 UTC] Dingg: PHP openssl extension is not enabled; pos token stored in session without AES (enable ext-openssl).
[01-Apr-2026 17:50:18 UTC] Dingg: retrying with SSL verification disabled (dingg.ssl_insecure_retry). errno=60 SSL certificate OpenSSL verify result: unable to get local issuer certificate (20)
[01-Apr-2026 17:50:18 UTC] Dingg invoice search (vendor/bills) term=V/2025-26/3199 HTTP=200 url=https://api.dingg.app/api/v1/vendor/bills?web=true&page=1&limit=1000&start=2026-04-01&end=2026-04-01&term=V%2F2025-26%2F3199&is_product_only=
[01-Apr-2026 17:50:18 UTC] Dingg invoice search (vendor/bills) response body: {"message":"success","data":[],"success":true,"code":200}
[01-Apr-2026 17:50:23 UTC] Dingg: retrying with SSL verification disabled (dingg.ssl_insecure_retry). errno=60 SSL certificate OpenSSL verify result: unable to get local issuer certificate (20)
[01-Apr-2026 17:50:23 UTC] Dingg: PHP openssl extension is not enabled; pos token stored in session without AES (enable ext-openssl).
[01-Apr-2026 17:50:23 UTC] Dingg: retrying with SSL verification disabled (dingg.ssl_insecure_retry). errno=60 SSL certificate OpenSSL verify result: unable to get local issuer certificate (20)
[01-Apr-2026 17:50:23 UTC] Dingg invoice search (vendor/bills) term=V/2025-26/3199 HTTP=200 url=https://api.dingg.app/api/v1/vendor/bills?web=true&page=1&limit=1000&start=2026-04-01&end=2026-04-01&term=V%2F2025-26%2F3199&is_product_only=
[01-Apr-2026 17:50:23 UTC] Dingg invoice search (vendor/bills) response body: {"message":"success","data":[],"success":true,"code":200}
[01-Apr-2026 17:50:30 UTC] Dingg: retrying with SSL verification disabled (dingg.ssl_insecure_retry). errno=60 SSL certificate OpenSSL verify result: unable to get local issuer certificate (20)
[01-Apr-2026 17:50:30 UTC] Dingg: PHP openssl extension is not enabled; pos token stored in session without AES (enable ext-openssl).
[01-Apr-2026 17:50:30 UTC] Dingg: retrying with SSL verification disabled (dingg.ssl_insecure_retry). errno=60 SSL certificate OpenSSL verify result: unable to get local issuer certificate (20)
[01-Apr-2026 17:50:31 UTC] Dingg invoice search (vendor/bills) term=V/2025-26/1741 HTTP=200 url=https://api.dingg.app/api/v1/vendor/bills?web=true&page=1&limit=1000&start=2026-04-01&end=2026-04-01&term=V%2F2025-26%2F1741&is_product_only=
[01-Apr-2026 17:50:31 UTC] Dingg invoice search (vendor/bills) response body: {"message":"success","data":[],"success":true,"code":200}
[01-Apr-2026 17:56:30 UTC] Dingg: retrying with SSL verification disabled (dingg.ssl_insecure_retry). errno=60 SSL certificate OpenSSL verify result: unable to get local issuer certificate (20)
[01-Apr-2026 17:56:30 UTC] Dingg: PHP openssl extension is not enabled; pos token stored in session without AES (enable ext-openssl).
[01-Apr-2026 17:56:30 UTC] Dingg: retrying with SSL verification disabled (dingg.ssl_insecure_retry). errno=60 SSL certificate OpenSSL verify result: unable to get local issuer certificate (20)
[01-Apr-2026 17:56:30 UTC] Dingg invoice search (vendor/bills) term=V/2025-26/1741 HTTP=200 url=https://api.dingg.app/api/v1/vendor/bills?web=true&page=1&limit=1000&start=2026-04-01&end=2026-04-01&term=V%2F2025-26%2F1741&is_product_only=
[01-Apr-2026 17:56:30 UTC] Dingg invoice search (vendor/bills) response body: {"message":"success","data":[],"success":true,"code":200}
[01-Apr-2026 18:00:15 UTC] Dingg: retrying with SSL verification disabled (dingg.ssl_insecure_retry). errno=60 SSL certificate OpenSSL verify result: unable to get local issuer certificate (20)
[01-Apr-2026 18:00:15 UTC] Dingg: PHP openssl extension is not enabled; pos token stored in session without AES (enable ext-openssl).
[01-Apr-2026 18:00:15 UTC] Dingg: retrying with SSL verification disabled (dingg.ssl_insecure_retry). errno=60 SSL certificate OpenSSL verify result: unable to get local issuer certificate (20)
[01-Apr-2026 18:00:15 UTC] Dingg invoice search (vendor/bills) term=V/2025-26/1741 HTTP=200 url=https://api.dingg.app/api/v1/vendor/bills?web=true&page=1&limit=1000&start=2026-04-01&end=2026-04-01&term=V%2F2025-26%2F1741&is_product_only=
[01-Apr-2026 18:00:15 UTC] Dingg invoice search (vendor/bills) response body: {"message":"success","data":[],"success":true,"code":200}
[01-Apr-2026 18:00:18 UTC] Dingg: retrying with SSL verification disabled (dingg.ssl_insecure_retry). errno=60 SSL certificate OpenSSL verify result: unable to get local issuer certificate (20)
[01-Apr-2026 18:00:18 UTC] Dingg: PHP openssl extension is not enabled; pos token stored in session without AES (enable ext-openssl).
[01-Apr-2026 18:00:18 UTC] Dingg: retrying with SSL verification disabled (dingg.ssl_insecure_retry). errno=60 SSL certificate OpenSSL verify result: unable to get local issuer certificate (20)
[01-Apr-2026 18:00:18 UTC] Dingg invoice search (vendor/bills) term=V/2025-26/0560 HTTP=200 url=https://api.dingg.app/api/v1/vendor/bills?web=true&page=1&limit=1000&start=2026-04-01&end=2026-04-01&term=V%2F2025-26%2F0560&is_product_only=
[01-Apr-2026 18:00:18 UTC] Dingg invoice search (vendor/bills) response body: {"message":"success","data":[{"id":25145043,"invoice_uuid":"4acbfd49-2fa1-4e09-939b-0a54a3e223eb","selected_date":"2026-03-31","bill_number":"V/2025-26/0560","total":1800,"paid":1800,"payment_status":"is_paid","status":true,"cancel_reason":null,"net":1714.29,"tax":85.71,"roundoff":0,"user":{"id":9727907,"customer_uuid":"9439a67a-b236-46f7-bb60-b9d33f8185fa","fname":"Jigar","lname":"","display_name":null,"mobile":"918951792035","parent_id":null,"user_histories":[{"fname":"Jigar","lname":"","mobile":"918951792035","parent_id":null}]},"bill_payments":[{"id":26573662,"bill_id":25145043,"payment_date":"2026-03-31","payment_mode":8,"amount":1800,"redemption":false,"note":"","vendor_location_id":4185,"is_tip":false,"change_amount":null,"is_ad_charge":false,"is_fee":false,"createdAt":"2026-03-31T16:10:39.819Z","updatedAt":"2026-03-31T16:10:39.819Z"}],"bill_refunds":[]}],"success":true,"code":200}
[01-Apr-2026 18:00:18 UTC] Dingg: retrying with SSL verification disabled (dingg.ssl_insecure_retry). errno=60 SSL certificate OpenSSL verify result: unable to get local issuer certificate (20)
[01-Apr-2026 18:00:19 UTC] Dingg: PHP openssl extension is not enabled; pos token stored in session without AES (enable ext-openssl).
[01-Apr-2026 18:00:19 UTC] Dingg: retrying with SSL verification disabled (dingg.ssl_insecure_retry). errno=60 SSL certificate OpenSSL verify result: unable to get local issuer certificate (20)
[01-Apr-2026 18:00:26 UTC] Dingg: retrying with SSL verification disabled (dingg.ssl_insecure_retry). errno=60 SSL certificate OpenSSL verify result: unable to get local issuer certificate (20)
[01-Apr-2026 18:00:26 UTC] Dingg: PHP openssl extension is not enabled; pos token stored in session without AES (enable ext-openssl).
[01-Apr-2026 18:00:26 UTC] Dingg: retrying with SSL verification disabled (dingg.ssl_insecure_retry). errno=60 SSL certificate OpenSSL verify result: unable to get local issuer certificate (20)
[01-Apr-2026 18:00:26 UTC] Dingg invoice search (vendor/bills) term=V/2025-26/1741 HTTP=200 url=https://api.dingg.app/api/v1/vendor/bills?web=true&page=1&limit=1000&start=2026-04-01&end=2026-04-01&term=V%2F2025-26%2F1741&is_product_only=
[01-Apr-2026 18:00:26 UTC] Dingg invoice search (vendor/bills) response body: {"message":"success","data":[],"success":true,"code":200}
[01-Apr-2026 18:03:38 UTC] Dingg: retrying with SSL verification disabled (dingg.ssl_insecure_retry). errno=60 SSL certificate OpenSSL verify result: unable to get local issuer certificate (20)
[01-Apr-2026 18:03:38 UTC] Dingg: PHP openssl extension is not enabled; pos token stored in session without AES (enable ext-openssl).
[01-Apr-2026 18:03:38 UTC] Dingg: retrying with SSL verification disabled (dingg.ssl_insecure_retry). errno=60 SSL certificate OpenSSL verify result: unable to get local issuer certificate (20)
[01-Apr-2026 18:03:38 UTC] Dingg invoice search (vendor/bills) term=V/2025-26/1741 HTTP=200 url=https://api.dingg.app/api/v1/vendor/bills?web=true&page=1&limit=1000&start=2026-04-01&end=2026-04-01&term=V%2F2025-26%2F1741&is_product_only=
[01-Apr-2026 18:03:38 UTC] Dingg invoice search (vendor/bills) response body: {"message":"success","data":[{"id":20225996,"invoice_uuid":"162c0e11-7cd2-4293-a2f0-46a021feaa37","selected_date":"2025-10-09","bill_number":"V/2025-26/1741","total":4000,"paid":4000,"payment_status":"is_paid","status":true,"cancel_reason":null,"net":3809.52,"tax":190.48,"roundoff":0,"user":{"id":8400045,"customer_uuid":"a507d6aa-aa49-4d5a-81d6-262c3ebe6ece","fname":"VARDAN","lname":"KABRA","display_name":null,"mobile":"919904460088","parent_id":null,"user_histories":[{"fname":"VARDAN","lname":"KABRA","mobile":"919904460088","parent_id":null}]},"bill_payments":[{"id":21319366,"bill_id":20225996,"payment_date":"2025-10-09","payment_mode":1,"amount":4000,"redemption":false,"note":"","vendor_location_id":2935,"is_tip":false,"change_amount":null,"is_ad_charge":false,"is_fee":false,"createdAt":"2025-10-09T10:35:56.924Z","updatedAt":"2025-10-09T10:35:56.924Z"}],"bill_refunds":[]}],"success":true,"code":200}
[01-Apr-2026 18:03:46 UTC] Dingg: retrying with SSL verification disabled (dingg.ssl_insecure_retry). errno=60 SSL certificate OpenSSL verify result: unable to get local issuer certificate (20)
[01-Apr-2026 18:03:46 UTC] Dingg: PHP openssl extension is not enabled; pos token stored in session without AES (enable ext-openssl).
[01-Apr-2026 18:03:46 UTC] Dingg: retrying with SSL verification disabled (dingg.ssl_insecure_retry). errno=60 SSL certificate OpenSSL verify result: unable to get local issuer certificate (20)
[01-Apr-2026 18:03:46 UTC] Dingg invoice search (vendor/bills) term=V/2025-26/0560 HTTP=200 url=https://api.dingg.app/api/v1/vendor/bills?web=true&page=1&limit=1000&start=2026-04-01&end=2026-04-01&term=V%2F2025-26%2F0560&is_product_only=
[01-Apr-2026 18:03:46 UTC] Dingg invoice search (vendor/bills) response body: {"message":"success","data":[{"id":17195926,"invoice_uuid":"b43197bf-d3de-41c1-8314-61ed3d6d1ae6","selected_date":"2025-05-31","bill_number":"V/2025-26/0560","total":2500,"paid":2500,"payment_status":"is_paid","status":true,"cancel_reason":null,"net":2118.64,"tax":381.36,"roundoff":0,"user":{"id":7609429,"customer_uuid":"60d74d96-9904-4c3f-ac78-49e4e631b237","fname":"NEERAJ","lname":"","display_name":null,"mobile":"919967105044","parent_id":null,"user_histories":[{"fname":"NEERAJ","lname":"","mobile":"919967105044","parent_id":null}]},"bill_payments":[{"id":18085056,"bill_id":17195926,"payment_date":"2025-05-31","payment_mode":6,"amount":2500,"redemption":false,"note":"","vendor_location_id":2935,"is_tip":false,"change_amount":null,"is_ad_charge":false,"is_fee":false,"createdAt":"2025-05-31T12:48:19.437Z","updatedAt":"2025-05-31T12:48:19.437Z"}],"bill_refunds":[]}],"success":true,"code":200}
[01-Apr-2026 18:04:36 UTC] Dingg: retrying with SSL verification disabled (dingg.ssl_insecure_retry). errno=60 SSL certificate OpenSSL verify result: unable to get local issuer certificate (20)
[01-Apr-2026 18:04:37 UTC] Dingg: PHP openssl extension is not enabled; pos token stored in session without AES (enable ext-openssl).
[01-Apr-2026 18:04:37 UTC] Dingg: retrying with SSL verification disabled (dingg.ssl_insecure_retry). errno=60 SSL certificate OpenSSL verify result: unable to get local issuer certificate (20)
[01-Apr-2026 18:04:37 UTC] Dingg invoice search (vendor/bills) term=V/2026-27/0001 HTTP=200 url=https://api.dingg.app/api/v1/vendor/bills?web=true&page=1&limit=1000&start=2026-04-01&end=2026-04-01&term=V%2F2026-27%2F0001&is_product_only=
[01-Apr-2026 18:04:37 UTC] Dingg invoice search (vendor/bills) response body: {"message":"success","data":[{"id":25154401,"invoice_uuid":"180baa09-1bfe-44f4-aef0-efa1e8681d98","selected_date":"2026-04-01","bill_number":"V/2026-27/0001","total":7500,"paid":7500,"payment_status":"is_paid","status":true,"cancel_reason":null,"net":7500,"tax":0,"roundoff":0,"user":{"id":9576988,"customer_uuid":"b1ac486a-6c8b-46cc-884f-b02de2e21af1","fname":"ZENITH","lname":null,"display_name":null,"mobile":"919920072844","parent_id":null,"user_histories":[{"fname":"ZENITH","lname":null,"mobile":"919920072844","parent_id":null}]},"bill_payments":[{"id":26583768,"bill_id":25154401,"payment_date":"2026-04-01","payment_mode":22,"amount":7500,"redemption":true,"note":"VALUE BASED IN 30K BALANCE WORTH 45K","vendor_location_id":2935,"is_tip":false,"change_amount":null,"is_ad_charge":false,"is_fee":false,"createdAt":"2026-04-01T10:10:22.597Z","updatedAt":"2026-04-01T10:10:22.597Z"}],"bill_refunds":[]}],"success":true,"code":200}
[01-Apr-2026 18:05:35 UTC] Dingg: retrying with SSL verification disabled (dingg.ssl_insecure_retry). errno=60 SSL certificate OpenSSL verify result: unable to get local issuer certificate (20)
[01-Apr-2026 18:05:35 UTC] Dingg: retrying with SSL verification disabled (dingg.ssl_insecure_retry). errno=60 SSL certificate OpenSSL verify result: unable to get local issuer certificate (20)
[01-Apr-2026 18:05:35 UTC] Dingg: PHP openssl extension is not enabled; pos token stored in session without AES (enable ext-openssl).
[01-Apr-2026 18:05:35 UTC] Dingg: retrying with SSL verification disabled (dingg.ssl_insecure_retry). errno=60 SSL certificate OpenSSL verify result: unable to get local issuer certificate (20)
[01-Apr-2026 18:05:35 UTC] Dingg invoice search (vendor/bills) term=V/2026-27/0001 HTTP=200 url=https://api.dingg.app/api/v1/vendor/bills?web=true&page=1&limit=1000&start=2026-04-01&end=2026-04-01&term=V%2F2026-27%2F0001&is_product_only=
[01-Apr-2026 18:05:35 UTC] Dingg invoice search (vendor/bills) response body: {"message":"success","data":[{"id":25155931,"invoice_uuid":"4c82125b-2276-406d-86bf-608bfbb37ade","selected_date":"2026-04-01","bill_number":"V/2026-27/0001","total":2000,"paid":2000,"payment_status":"is_paid","status":true,"cancel_reason":null,"net":1904.76,"tax":95.24,"roundoff":0,"user":{"id":9728810,"customer_uuid":"05eac045-43ea-4caa-a0aa-b2f42730a97c","fname":"ketan","lname":"","display_name":null,"mobile":"917738230929","parent_id":null,"user_histories":[{"fname":"ketan","lname":"","mobile":"917738230929","parent_id":null}]},"bill_payments":[{"id":26585445,"bill_id":25155931,"payment_date":"2026-04-01","payment_mode":8,"amount":2000,"redemption":false,"note":"","vendor_location_id":3782,"is_tip":false,"change_amount":null,"is_ad_charge":false,"is_fee":false,"createdAt":"2026-04-01T10:56:06.630Z","updatedAt":"2026-04-01T10:56:06.630Z"}],"bill_refunds":[]}],"success":true,"code":200}
[01-Apr-2026 18:05:36 UTC] Dingg: retrying with SSL verification disabled (dingg.ssl_insecure_retry). errno=60 SSL certificate OpenSSL verify result: unable to get local issuer certificate (20)
[01-Apr-2026 18:05:36 UTC] Dingg: PHP openssl extension is not enabled; pos token stored in session without AES (enable ext-openssl).
[01-Apr-2026 18:05:36 UTC] Dingg: retrying with SSL verification disabled (dingg.ssl_insecure_retry). errno=60 SSL certificate OpenSSL verify result: unable to get local issuer certificate (20)
[01-Apr-2026 18:05:43 UTC] Dingg: retrying with SSL verification disabled (dingg.ssl_insecure_retry). errno=60 SSL certificate OpenSSL verify result: unable to get local issuer certificate (20)
[01-Apr-2026 18:05:43 UTC] Dingg: PHP openssl extension is not enabled; pos token stored in session without AES (enable ext-openssl).
[01-Apr-2026 18:05:43 UTC] Dingg: retrying with SSL verification disabled (dingg.ssl_insecure_retry). errno=60 SSL certificate OpenSSL verify result: unable to get local issuer certificate (20)
[01-Apr-2026 18:05:43 UTC] Dingg invoice search (vendor/bills) term=V/2026-27/0001 HTTP=200 url=https://api.dingg.app/api/v1/vendor/bills?web=true&page=1&limit=1000&start=2026-04-01&end=2026-04-01&term=V%2F2026-27%2F0001&is_product_only=
[01-Apr-2026 18:05:43 UTC] Dingg invoice search (vendor/bills) response body: {"message":"success","data":[{"id":25155931,"invoice_uuid":"4c82125b-2276-406d-86bf-608bfbb37ade","selected_date":"2026-04-01","bill_number":"V/2026-27/0001","total":2000,"paid":2000,"payment_status":"is_paid","status":true,"cancel_reason":null,"net":1904.76,"tax":95.24,"roundoff":0,"user":{"id":9728810,"customer_uuid":"05eac045-43ea-4caa-a0aa-b2f42730a97c","fname":"ketan","lname":"","display_name":null,"mobile":"917738230929","parent_id":null,"user_histories":[{"fname":"ketan","lname":"","mobile":"917738230929","parent_id":null}]},"bill_payments":[{"id":26585445,"bill_id":25155931,"payment_date":"2026-04-01","payment_mode":8,"amount":2000,"redemption":false,"note":"","vendor_location_id":3782,"is_tip":false,"change_amount":null,"is_ad_charge":false,"is_fee":false,"createdAt":"2026-04-01T10:56:06.630Z","updatedAt":"2026-04-01T10:56:06.630Z"}],"bill_refunds":[]}],"success":true,"code":200}
[01-Apr-2026 18:06:30 UTC] Dingg: retrying with SSL verification disabled (dingg.ssl_insecure_retry). errno=60 SSL certificate OpenSSL verify result: unable to get local issuer certificate (20)
[01-Apr-2026 18:06:30 UTC] Dingg: retrying with SSL verification disabled (dingg.ssl_insecure_retry). errno=60 SSL certificate OpenSSL verify result: unable to get local issuer certificate (20)
[01-Apr-2026 18:06:30 UTC] Dingg: PHP openssl extension is not enabled; pos token stored in session without AES (enable ext-openssl).
[01-Apr-2026 18:06:30 UTC] Dingg: retrying with SSL verification disabled (dingg.ssl_insecure_retry). errno=60 SSL certificate OpenSSL verify result: unable to get local issuer certificate (20)
[01-Apr-2026 18:06:30 UTC] Dingg invoice search (vendor/bills) term=V/2026-27/0001 HTTP=200 url=https://api.dingg.app/api/v1/vendor/bills?web=true&page=1&limit=1000&start=2026-04-01&end=2026-04-01&term=V%2F2026-27%2F0001&is_product_only=
[01-Apr-2026 18:06:30 UTC] Dingg invoice search (vendor/bills) response body: {"message":"success","data":[{"id":25154401,"invoice_uuid":"180baa09-1bfe-44f4-aef0-efa1e8681d98","selected_date":"2026-04-01","bill_number":"V/2026-27/0001","total":7500,"paid":7500,"payment_status":"is_paid","status":true,"cancel_reason":null,"net":7500,"tax":0,"roundoff":0,"user":{"id":9576988,"customer_uuid":"b1ac486a-6c8b-46cc-884f-b02de2e21af1","fname":"ZENITH","lname":null,"display_name":null,"mobile":"919920072844","parent_id":null,"user_histories":[{"fname":"ZENITH","lname":null,"mobile":"919920072844","parent_id":null}]},"bill_payments":[{"id":26583768,"bill_id":25154401,"payment_date":"2026-04-01","payment_mode":22,"amount":7500,"redemption":true,"note":"VALUE BASED IN 30K BALANCE WORTH 45K","vendor_location_id":2935,"is_tip":false,"change_amount":null,"is_ad_charge":false,"is_fee":false,"createdAt":"2026-04-01T10:10:22.597Z","updatedAt":"2026-04-01T10:10:22.597Z"}],"bill_refunds":[]}],"success":true,"code":200}
[01-Apr-2026 18:13:35 UTC] Dingg: retrying with SSL verification disabled (dingg.ssl_insecure_retry). errno=60 SSL certificate OpenSSL verify result: unable to get local issuer certificate (20)
[01-Apr-2026 18:13:36 UTC] Dingg: retrying with SSL verification disabled (dingg.ssl_insecure_retry). errno=60 SSL certificate OpenSSL verify result: unable to get local issuer certificate (20)
[01-Apr-2026 18:13:36 UTC] Dingg: PHP openssl extension is not enabled; pos token stored in session without AES (enable ext-openssl).
[01-Apr-2026 18:13:36 UTC] Dingg: retrying with SSL verification disabled (dingg.ssl_insecure_retry). errno=60 SSL certificate OpenSSL verify result: unable to get local issuer certificate (20)
[01-Apr-2026 18:13:36 UTC] Dingg invoice search (vendor/bills) term=V/2026-27/0001 HTTP=200 url=https://api.dingg.app/api/v1/vendor/bills?web=true&page=1&limit=1000&start=2026-04-01&end=2026-04-01&term=V%2F2026-27%2F0001&is_product_only=
[01-Apr-2026 18:13:36 UTC] Dingg invoice search (vendor/bills) response body: {"message":"success","data":[{"id":25161219,"invoice_uuid":"9a82ad8a-851c-4f2a-b02c-8e0d04d798f5","selected_date":"2026-04-01","bill_number":"V/2026-27/0001","total":3840,"paid":3840,"payment_status":"is_paid","status":true,"cancel_reason":null,"net":3657.14,"tax":182.86,"roundoff":0,"user":{"id":7967567,"customer_uuid":"991ec4cc-6e9c-495b-8079-39a64026caf5","fname":"Deepak","lname":"Shetty","display_name":null,"mobile":"919137239211","parent_id":null,"user_histories":[{"fname":"Deepak","lname":"Shetty","mobile":"919137239211","parent_id":null}]},"bill_payments":[{"id":26591162,"bill_id":25161219,"payment_date":"2026-04-01","payment_mode":8,"amount":3840,"redemption":false,"note":"","vendor_location_id":3780,"is_tip":false,"change_amount":null,"is_ad_charge":false,"is_fee":false,"createdAt":"2026-04-01T13:01:26.158Z","updatedAt":"2026-04-01T13:01:26.158Z"}],"bill_refunds":[]}],"success":true,"code":200}
[01-Apr-2026 18:13:36 UTC] Dingg: retrying with SSL verification disabled (dingg.ssl_insecure_retry). errno=60 SSL certificate OpenSSL verify result: unable to get local issuer certificate (20)
[01-Apr-2026 18:13:36 UTC] Dingg: PHP openssl extension is not enabled; pos token stored in session without AES (enable ext-openssl).
[01-Apr-2026 18:13:37 UTC] Dingg: retrying with SSL verification disabled (dingg.ssl_insecure_retry). errno=60 SSL certificate OpenSSL verify result: unable to get local issuer certificate (20)
[01-Apr-2026 18:14:29 UTC] Dingg: retrying with SSL verification disabled (dingg.ssl_insecure_retry). errno=60 SSL certificate OpenSSL verify result: unable to get local issuer certificate (20)
[01-Apr-2026 18:14:29 UTC] Dingg: retrying with SSL verification disabled (dingg.ssl_insecure_retry). errno=60 SSL certificate OpenSSL verify result: unable to get local issuer certificate (20)
[01-Apr-2026 18:14:29 UTC] Dingg: PHP openssl extension is not enabled; pos token stored in session without AES (enable ext-openssl).
[01-Apr-2026 18:14:29 UTC] Dingg: retrying with SSL verification disabled (dingg.ssl_insecure_retry). errno=60 SSL certificate OpenSSL verify result: unable to get local issuer certificate (20)
[01-Apr-2026 18:14:29 UTC] Dingg invoice search (vendor/bills) term=V/2026-27/0002 HTTP=200 url=https://api.dingg.app/api/v1/vendor/bills?web=true&page=1&limit=1000&start=2026-04-01&end=2026-04-01&term=V%2F2026-27%2F0002&is_product_only=
[01-Apr-2026 18:14:29 UTC] Dingg invoice search (vendor/bills) response body: {"message":"success","data":[{"id":25161297,"invoice_uuid":"9172cdd9-c8ac-416f-9a75-09b74de3e0fc","selected_date":"2026-04-01","bill_number":"V/2026-27/0002","total":2250,"paid":2250,"payment_status":"is_paid","status":true,"cancel_reason":null,"net":2142.86,"tax":107.14,"roundoff":0,"user":{"id":1358772,"customer_uuid":"7c172194-1198-4b73-94f3-d9911c6fdbe0","fname":"Prashant","lname":"Deshmukh","display_name":"prashant","mobile":"918800575869","parent_id":null,"user_histories":[{"fname":"Prashant","lname":"Deshmukh","mobile":"918800575869","parent_id":null}]},"bill_payments":[{"id":26591243,"bill_id":25161297,"payment_date":"2026-04-01","payment_mode":2,"amount":2250,"redemption":false,"note":"","vendor_location_id":3780,"is_tip":false,"change_amount":null,"is_ad_charge":false,"is_fee":false,"createdAt":"2026-04-01T13:03:09.138Z","updatedAt":"2026-04-01T13:03:09.138Z"}],"bill_refunds":[]}],"success":true,"code":200}
[01-Apr-2026 18:32:35 UTC] Dingg: retrying with SSL verification disabled (dingg.ssl_insecure_retry). errno=60 SSL certificate OpenSSL verify result: unable to get local issuer certificate (20)
[01-Apr-2026 18:32:35 UTC] Dingg: retrying with SSL verification disabled (dingg.ssl_insecure_retry). errno=60 SSL certificate OpenSSL verify result: unable to get local issuer certificate (20)
[01-Apr-2026 18:32:35 UTC] Dingg: PHP openssl extension is not enabled; pos token stored in session without AES (enable ext-openssl).
[01-Apr-2026 18:32:35 UTC] Dingg: retrying with SSL verification disabled (dingg.ssl_insecure_retry). errno=60 SSL certificate OpenSSL verify result: unable to get local issuer certificate (20)
[01-Apr-2026 18:32:42 UTC] Dingg: retrying with SSL verification disabled (dingg.ssl_insecure_retry). errno=60 SSL certificate OpenSSL verify result: unable to get local issuer certificate (20)
[01-Apr-2026 18:32:42 UTC] Dingg: PHP openssl extension is not enabled; pos token stored in session without AES (enable ext-openssl).
[01-Apr-2026 18:32:42 UTC] Dingg: retrying with SSL verification disabled (dingg.ssl_insecure_retry). errno=60 SSL certificate OpenSSL verify result: unable to get local issuer certificate (20)
